Determining if the pthread_create exist failed with the following output:
Change Dir: /home/alovii/CLionProjects/mySite/build/CMakeFiles/CMakeTmp

Run Build Command:"/usr/bin/make" "cmTC_586ac/fast"
/usr/bin/make -f CMakeFiles/cmTC_586ac.dir/build.make CMakeFiles/cmTC_586ac.dir/build
make[1]: Entering directory '/home/alovii/CLionProjects/mySite/build/CMakeFiles/CMakeTmp'
Building C object CMakeFiles/cmTC_586ac.dir/CheckSymbolExists.c.o
/usr/bin/cc    -o CMakeFiles/cmTC_586ac.dir/CheckSymbolExists.c.o   -c /home/alovii/CLionProjects/mySite/build/CMakeFiles/CMakeTmp/CheckSymbolExists.c
Linking C executable cmTC_586ac
/usr/bin/cmake -E cmake_link_script CMakeFiles/cmTC_586ac.dir/link.txt --verbose=1
/usr/bin/cc      CMakeFiles/cmTC_586ac.dir/CheckSymbolExists.c.o  -o cmTC_586ac 
/usr/bin/ld: CMakeFiles/cmTC_586ac.dir/CheckSymbolExists.c.o: in function `main':
CheckSymbolExists.c:(.text+0x1b): undefined reference to `pthread_create'
collect2: error: ld returned 1 exit status
make[1]: *** [CMakeFiles/cmTC_586ac.dir/build.make:87: cmTC_586ac] Error 1
make[1]: Leaving directory '/home/alovii/CLionProjects/mySite/build/CMakeFiles/CMakeTmp'
make: *** [Makefile:121: cmTC_586ac/fast] Error 2

File /home/alovii/CLionProjects/mySite/build/CMakeFiles/CMakeTmp/CheckSymbolExists.c:
/* */
#include <pthread.h>

int main(int argc, char** argv)
{
  (void)argv;
#ifndef pthread_create
  return ((int*)(&pthread_create))[argc];
#else
  (void)argc;
  return 0;
#endif
}

Determining if the function pthread_create exists in the pthreads failed with the following output:
Change Dir: /home/alovii/CLionProjects/mySite/build/CMakeFiles/CMakeTmp

Run Build Command:"/usr/bin/make" "cmTC_fdea9/fast"
/usr/bin/make -f CMakeFiles/cmTC_fdea9.dir/build.make CMakeFiles/cmTC_fdea9.dir/build
make[1]: Entering directory '/home/alovii/CLionProjects/mySite/build/CMakeFiles/CMakeTmp'
Building C object CMakeFiles/cmTC_fdea9.dir/CheckFunctionExists.c.o
/usr/bin/cc   -DCHECK_FUNCTION_EXISTS=pthread_create   -o CMakeFiles/cmTC_fdea9.dir/CheckFunctionExists.c.o   -c /usr/share/cmake-3.13/Modules/CheckFunctionExists.c
Linking C executable cmTC_fdea9
/usr/bin/cmake -E cmake_link_script CMakeFiles/cmTC_fdea9.dir/link.txt --verbose=1
/usr/bin/cc  -DCHECK_FUNCTION_EXISTS=pthread_create    CMakeFiles/cmTC_fdea9.dir/CheckFunctionExists.c.o  -o cmTC_fdea9 -lpthreads 
/usr/bin/ld: cannot find -lpthreads
collect2: error: ld returned 1 exit status
make[1]: *** [CMakeFiles/cmTC_fdea9.dir/build.make:87: cmTC_fdea9] Error 1
make[1]: Leaving directory '/home/alovii/CLionProjects/mySite/build/CMakeFiles/CMakeTmp'
make: *** [Makefile:121: cmTC_fdea9/fast] Error 2


